<?xml version="1.0" encoding="UTF-8"?>
<testsuite name="nz.net.osnz.common.pherialize.PhpSerializerTest" time="0.256" tests="3" errors="0" skipped="0" failures="0">
  <properties>
[...]
</properties>
  <testcase name="nz.net.osnz.common.pherialize.PhpSerializerTest.testUnserialize" classname="nz.net.osnz.common.pherialize.PhpSerializerTest" time="0.244"/>
  <testcase name="nz.net.osnz.common.pherialize.PhpSerializerTest.testEmptyUnserialize" classname="nz.net.osnz.common.pherialize.PhpSerializerTest" time="0"/>
  <testcase name="nz.net.osnz.common.pherialize.PhpSerializerTest.testSerialize" classname="nz.net.osnz.common.pherialize.PhpSerializerTest" time="0.012"/>
</testsuite>